<?xml version="1.0" encoding="UTF-8"?>
<testng-results skipped="0" failed="0" ignored="0" total="1" passed="1">
  <reporter-output>
  </reporter-output>
  <suite name="Default suite" duration-ms="90" started-at="2018-06-30T07:02:37Z" finished-at="2018-06-30T07:02:37Z">
    <groups>
    </groups>
    <test name="Default test" duration-ms="90" started-at="2018-06-30T07:02:37Z" finished-at="2018-06-30T07:02:37Z">
      <class name="Githubsample1.githubintegration">
        <test-method status="PASS" signature="sample()[pri:0, instance:Githubsample1.githubintegration@15b5592]" name="sample" duration-ms="19" started-at="2018-06-30T07:02:37Z" finished-at="2018-06-30T07:02:37Z">
          <reporter-output>
          </reporter-output>
        </test-method> <!-- sample -->
      </class> <!-- Githubsample1.githubintegration -->
    </test> <!-- Default test -->
  </suite> <!-- Default suite -->
</testng-results>
